mode: set
github.com/shohinsherov/wallet/pkg/wallet/service.go:41.31,43.2 1 0
github.com/shohinsherov/wallet/pkg/wallet/service.go:46.78,47.37 1 1
github.com/shohinsherov/wallet/pkg/wallet/service.go:52.2,60.21 4 1
github.com/shohinsherov/wallet/pkg/wallet/service.go:47.37,48.29 1 1
github.com/shohinsherov/wallet/pkg/wallet/service.go:48.29,50.4 1 1
github.com/shohinsherov/wallet/pkg/wallet/service.go:64.70,65.17 1 1
github.com/shohinsherov/wallet/pkg/wallet/service.go:69.2,70.33 2 1
github.com/shohinsherov/wallet/pkg/wallet/service.go:77.2,77.20 1 1
github.com/shohinsherov/wallet/pkg/wallet/service.go:81.2,82.12 2 1
github.com/shohinsherov/wallet/pkg/wallet/service.go:65.17,67.3 1 0
github.com/shohinsherov/wallet/pkg/wallet/service.go:70.33,71.26 1 1
github.com/shohinsherov/wallet/pkg/wallet/service.go:71.26,73.9 2 1
github.com/shohinsherov/wallet/pkg/wallet/service.go:77.20,79.3 1 0
github.com/shohinsherov/wallet/pkg/wallet/service.go:87.116,88.17 1 1
github.com/shohinsherov/wallet/pkg/wallet/service.go:92.2,93.33 2 1
github.com/shohinsherov/wallet/pkg/wallet/service.go:100.2,100.20 1 1
github.com/shohinsherov/wallet/pkg/wallet/service.go:104.2,104.30 1 1
github.com/shohinsherov/wallet/pkg/wallet/service.go:108.2,120.21 5 1
github.com/shohinsherov/wallet/pkg/wallet/service.go:88.17,90.3 1 0
github.com/shohinsherov/wallet/pkg/wallet/service.go:93.33,94.26 1 1
github.com/shohinsherov/wallet/pkg/wallet/service.go:94.26,96.9 2 1
github.com/shohinsherov/wallet/pkg/wallet/service.go:100.20,102.3 1 0
github.com/shohinsherov/wallet/pkg/wallet/service.go:104.30,106.3 1 0
github.com/shohinsherov/wallet/pkg/wallet/service.go:124.76,125.37 1 1
github.com/shohinsherov/wallet/pkg/wallet/service.go:131.2,131.32 1 0
github.com/shohinsherov/wallet/pkg/wallet/service.go:125.37,126.30 1 1
github.com/shohinsherov/wallet/pkg/wallet/service.go:129.3,129.8 1 0
github.com/shohinsherov/wallet/pkg/wallet/service.go:126.30,128.4 1 1
github.com/shohinsherov/wallet/pkg/wallet/service.go:135.77,136.37 1 1
github.com/shohinsherov/wallet/pkg/wallet/service.go:142.2,142.32 1 1
github.com/shohinsherov/wallet/pkg/wallet/service.go:136.37,137.30 1 1
github.com/shohinsherov/wallet/pkg/wallet/service.go:137.30,139.4 1 1
github.com/shohinsherov/wallet/pkg/wallet/service.go:146.50,148.16 2 1
github.com/shohinsherov/wallet/pkg/wallet/service.go:151.2,153.16 3 1
github.com/shohinsherov/wallet/pkg/wallet/service.go:156.2,158.12 2 1
github.com/shohinsherov/wallet/pkg/wallet/service.go:148.16,150.3 1 0
github.com/shohinsherov/wallet/pkg/wallet/service.go:153.16,155.3 1 0
github.com/shohinsherov/wallet/pkg/wallet/service.go:162.68,164.16 2 1
github.com/shohinsherov/wallet/pkg/wallet/service.go:167.2,168.16 2 1
github.com/shohinsherov/wallet/pkg/wallet/service.go:171.2,171.24 1 1
github.com/shohinsherov/wallet/pkg/wallet/service.go:164.16,166.3 1 0
github.com/shohinsherov/wallet/pkg/wallet/service.go:168.16,170.3 1 0
github.com/shohinsherov/wallet/pkg/wallet/service.go:174.91,176.16 2 1
github.com/shohinsherov/wallet/pkg/wallet/service.go:179.2,189.22 4 1
github.com/shohinsherov/wallet/pkg/wallet/service.go:176.16,178.3 1 0
github.com/shohinsherov/wallet/pkg/wallet/service.go:192.80,193.39 1 1
github.com/shohinsherov/wallet/pkg/wallet/service.go:198.2,198.33 1 0
github.com/shohinsherov/wallet/pkg/wallet/service.go:193.39,194.32 1 1
github.com/shohinsherov/wallet/pkg/wallet/service.go:194.32,196.4 1 1
github.com/shohinsherov/wallet/pkg/wallet/service.go:201.78,203.16 2 1
github.com/shohinsherov/wallet/pkg/wallet/service.go:207.2,208.16 2 1
github.com/shohinsherov/wallet/pkg/wallet/service.go:212.2,212.25 1 1
github.com/shohinsherov/wallet/pkg/wallet/service.go:203.16,205.3 1 0
github.com/shohinsherov/wallet/pkg/wallet/service.go:208.16,210.3 1 0
