mode: set
github.com/shohinsherov/wallet/pkg/wallet/service.go:45.35,47.2 1 1
github.com/shohinsherov/wallet/pkg/wallet/service.go:49.93,52.16 2 1
github.com/shohinsherov/wallet/pkg/wallet/service.go:57.2,58.16 2 1
github.com/shohinsherov/wallet/pkg/wallet/service.go:63.2,64.40 2 1
github.com/shohinsherov/wallet/pkg/wallet/service.go:71.2,71.31 1 1
github.com/shohinsherov/wallet/pkg/wallet/service.go:52.16,54.3 1 1
github.com/shohinsherov/wallet/pkg/wallet/service.go:58.16,60.3 1 0
github.com/shohinsherov/wallet/pkg/wallet/service.go:64.40,66.17 2 1
github.com/shohinsherov/wallet/pkg/wallet/service.go:66.17,68.4 1 0
github.com/shohinsherov/wallet/pkg/wallet/service.go:78.31,80.2 1 0
github.com/shohinsherov/wallet/pkg/wallet/service.go:83.78,84.37 1 1
github.com/shohinsherov/wallet/pkg/wallet/service.go:89.2,97.21 4 1
github.com/shohinsherov/wallet/pkg/wallet/service.go:84.37,85.29 1 1
github.com/shohinsherov/wallet/pkg/wallet/service.go:85.29,87.4 1 1
github.com/shohinsherov/wallet/pkg/wallet/service.go:101.70,102.17 1 1
github.com/shohinsherov/wallet/pkg/wallet/service.go:106.2,107.33 2 1
github.com/shohinsherov/wallet/pkg/wallet/service.go:114.2,114.20 1 1
github.com/shohinsherov/wallet/pkg/wallet/service.go:118.2,119.12 2 1
github.com/shohinsherov/wallet/pkg/wallet/service.go:102.17,104.3 1 0
github.com/shohinsherov/wallet/pkg/wallet/service.go:107.33,108.26 1 1
github.com/shohinsherov/wallet/pkg/wallet/service.go:108.26,110.9 2 1
github.com/shohinsherov/wallet/pkg/wallet/service.go:114.20,116.3 1 0
github.com/shohinsherov/wallet/pkg/wallet/service.go:124.116,125.17 1 1
github.com/shohinsherov/wallet/pkg/wallet/service.go:129.2,130.33 2 1
github.com/shohinsherov/wallet/pkg/wallet/service.go:137.2,137.20 1 1
github.com/shohinsherov/wallet/pkg/wallet/service.go:141.2,141.30 1 1
github.com/shohinsherov/wallet/pkg/wallet/service.go:145.2,157.21 5 1
github.com/shohinsherov/wallet/pkg/wallet/service.go:125.17,127.3 1 0
github.com/shohinsherov/wallet/pkg/wallet/service.go:130.33,131.26 1 1
github.com/shohinsherov/wallet/pkg/wallet/service.go:131.26,133.9 2 1
github.com/shohinsherov/wallet/pkg/wallet/service.go:137.20,139.3 1 0
github.com/shohinsherov/wallet/pkg/wallet/service.go:141.30,143.3 1 0
github.com/shohinsherov/wallet/pkg/wallet/service.go:161.76,162.37 1 1
github.com/shohinsherov/wallet/pkg/wallet/service.go:168.2,168.32 1 0
github.com/shohinsherov/wallet/pkg/wallet/service.go:162.37,163.30 1 1
github.com/shohinsherov/wallet/pkg/wallet/service.go:166.3,166.8 1 0
github.com/shohinsherov/wallet/pkg/wallet/service.go:163.30,165.4 1 1
github.com/shohinsherov/wallet/pkg/wallet/service.go:172.77,173.37 1 1
github.com/shohinsherov/wallet/pkg/wallet/service.go:179.2,179.32 1 1
github.com/shohinsherov/wallet/pkg/wallet/service.go:173.37,174.30 1 1
github.com/shohinsherov/wallet/pkg/wallet/service.go:177.3,177.8 1 1
github.com/shohinsherov/wallet/pkg/wallet/service.go:174.30,176.4 1 1
github.com/shohinsherov/wallet/pkg/wallet/service.go:183.50,185.16 2 1
github.com/shohinsherov/wallet/pkg/wallet/service.go:188.2,190.16 3 1
github.com/shohinsherov/wallet/pkg/wallet/service.go:193.2,195.12 2 1
github.com/shohinsherov/wallet/pkg/wallet/service.go:185.16,187.3 1 0
github.com/shohinsherov/wallet/pkg/wallet/service.go:190.16,192.3 1 0
github.com/shohinsherov/wallet/pkg/wallet/service.go:199.68,201.16 2 1
github.com/shohinsherov/wallet/pkg/wallet/service.go:204.2,205.16 2 1
github.com/shohinsherov/wallet/pkg/wallet/service.go:208.2,208.24 1 1
github.com/shohinsherov/wallet/pkg/wallet/service.go:201.16,203.3 1 0
github.com/shohinsherov/wallet/pkg/wallet/service.go:205.16,207.3 1 0
